This is pdfTeXk, Version 3.141592-1.40.3 (Web2C 7.5.6) (format=pdflatex 2007.10.22)  30 OCT 2007 22:50
entering extended mode
 %&-line parsing enabled.
**droit_1.tex
(./droit_1.tex
LaTeX2e <2005/12/01>
Babel <v3.8h> and hyphenation patterns for english, usenglishmax, dumylang, noh
yphenation, french, basque, french, loaded.
(/usr/share/texmf-texlive/tex/latex/base/article.cls
Document Class: article 2005/09/16 v1.4f Standard LaTeX document class
(/usr/share/texmf-texlive/tex/latex/base/leqno.clo
File: leqno.clo 1998/08/17 v1.1c Standard LaTeX option (left equation numbers)
)
(/usr/share/texmf-texlive/tex/latex/base/size12.clo
File: size12.clo 2005/09/16 v1.4f Standard LaTeX file (size option)
)
\c@part=\count79
\c@section=\count80
\c@subsection=\count81
\c@subsubsection=\count82
\c@paragraph=\count83
\c@subparagraph=\count84
\c@figure=\count85
\c@table=\count86
\abovecaptionskip=\skip41
\belowcaptionskip=\skip42
\bibindent=\dimen102
)
(/usr/share/texmf-texlive/tex/generic/babel/babel.sty
Package: babel 2005/11/23 v3.8h The Babel package

(/usr/share/texmf-texlive/tex/generic/babel/frenchb.ldf
Language: french 2005/02/06 v1.6g French support from the babel system

(/usr/share/texmf-texlive/tex/generic/babel/babel.def
File: babel.def 2005/11/23 v3.8h Babel common definitions
\babel@savecnt=\count87
\U@D=\dimen103
)
Package babel Info: Making : an active character on input line 219.
Package babel Info: Making ; an active character on input line 220.
Package babel Info: Making ! an active character on input line 221.
Package babel Info: Making ? an active character on input line 222.
\parindentFFN=\dimen104
\std@mcc=\count88
\dec@mcc=\count89

*************************************
* Local config file frenchb.cfg used
*
(/usr/share/texmf-texlive/tex/generic/babel/frenchb.cfg)))
(/usr/share/texmf-texlive/tex/latex/base/inputenc.sty
Package: inputenc 2006/05/05 v1.1b Input encoding file
\inpenc@prehook=\toks14
\inpenc@posthook=\toks15

(/usr/share/texmf-texlive/tex/latex/base/latin1.def
File: latin1.def 2006/05/05 v1.1b Input encoding file
))
(/usr/share/texmf-texlive/tex/latex/base/fontenc.sty
Package: fontenc 2005/09/27 v1.99g Standard LaTeX package

(/usr/share/texmf-texlive/tex/latex/base/t1enc.def
File: t1enc.def 2005/09/27 v1.99g Standard LaTeX file
LaTeX Font Info:    Redeclaring font encoding T1 on input line 43.
))
(/usr/share/texmf-texlive/tex/latex/amsmath/amsmath.sty
Package: amsmath 2000/07/18 v2.13 AMS math features
\@mathmargin=\skip43

For additional information on amsmath, use the `?' option.
(/usr/share/texmf-texlive/tex/latex/amsmath/amstext.sty
Package: amstext 2000/06/29 v2.01

(/usr/share/texmf-texlive/tex/latex/amsmath/amsgen.sty
File: amsgen.sty 1999/11/30 v2.0
\@emptytoks=\toks16
\ex@=\dimen105
))
(/usr/share/texmf-texlive/tex/latex/amsmath/amsbsy.sty
Package: amsbsy 1999/11/29 v1.2d
\pmbraise@=\dimen106
)
(/usr/share/texmf-texlive/tex/latex/amsmath/amsopn.sty
Package: amsopn 1999/12/14 v2.01 operator names
)
\inf@bad=\count90
LaTeX Info: Redefining \frac on input line 211.
\uproot@=\count91
\leftroot@=\count92
LaTeX Info: Redefining \overline on input line 307.
\classnum@=\count93
\DOTSCASE@=\count94
LaTeX Info: Redefining \ldots on input line 379.
LaTeX Info: Redefining \dots on input line 382.
LaTeX Info: Redefining \cdots on input line 467.
\Mathstrutbox@=\box26
\strutbox@=\box27
\big@size=\dimen107
LaTeX Font Info:    Redeclaring font encoding OML on input line 567.
LaTeX Font Info:    Redeclaring font encoding OMS on input line 568.
\macc@depth=\count95
\c@MaxMatrixCols=\count96
\dotsspace@=\muskip10
\c@parentequation=\count97
\dspbrk@lvl=\count98
\tag@help=\toks17
\row@=\count99
\column@=\count100
\maxfields@=\count101
\andhelp@=\toks18
\eqnshift@=\dimen108
\alignsep@=\dimen109
\tagshift@=\dimen110
\tagwidth@=\dimen111
\totwidth@=\dimen112
\lineht@=\dimen113
\@envbody=\toks19
\multlinegap=\skip44
\multlinetaggap=\skip45
\mathdisplay@stack=\toks20
LaTeX Info: Redefining \[ on input line 2666.
LaTeX Info: Redefining \] on input line 2667.
)
(/usr/share/texmf-texlive/tex/latex/amsfonts/amssymb.sty
Package: amssymb 2002/01/22 v2.2d

(/usr/share/texmf-texlive/tex/latex/amsfonts/amsfonts.sty
Package: amsfonts 2001/10/25 v2.2f
\symAMSa=\mathgroup4
\symAMSb=\mathgroup5
LaTeX Font Info:    Overwriting math alphabet `\mathfrak' in version `bold'
(Font)                  U/euf/m/n --> U/euf/b/n on input line 132.
))
(/usr/share/texmf-texlive/tex/latex/geometry/geometry.sty
Package: geometry 2002/07/08 v3.2 Page Geometry

(/usr/share/texmf-texlive/tex/latex/graphics/keyval.sty
Package: keyval 1999/03/16 v1.13 key=value parser (DPC)
\KV@toks@=\toks21
)
\Gm@cnth=\count102
\Gm@cntv=\count103
\c@Gm@tempcnt=\count104
\Gm@bindingoffset=\dimen114
\Gm@wd@mp=\dimen115
\Gm@odd@mp=\dimen116
\Gm@even@mp=\dimen117
\Gm@dimlist=\toks22
)
(/usr/share/texmf-texlive/tex/latex/eurosym/eurosym.sty
Package: eurosym 1998/08/06 v1.1 European currency symbol ``Euro''
\@eurobox=\box28
)
(/usr/share/texmf-texlive/tex/latex/fancyhdr/fancyhdr.sty
\fancy@headwidth=\skip46
\f@ncyO@elh=\skip47
\f@ncyO@erh=\skip48
\f@ncyO@olh=\skip49
\f@ncyO@orh=\skip50
\f@ncyO@elf=\skip51
\f@ncyO@erf=\skip52
\f@ncyO@olf=\skip53
\f@ncyO@orf=\skip54
)
(/usr/share/texmf-texlive/tex/latex/graphics/graphicx.sty
Package: graphicx 1999/02/16 v1.0f Enhanced LaTeX Graphics (DPC,SPQR)

(/usr/share/texmf-texlive/tex/latex/graphics/graphics.sty
Package: graphics 2006/02/20 v1.0o Standard LaTeX Graphics (DPC,SPQR)

(/usr/share/texmf-texlive/tex/latex/graphics/trig.sty
Package: trig 1999/03/16 v1.09 sin cos tan (DPC)
)
(/etc/texmf/tex/latex/config/graphics.cfg
File: graphics.cfg 2007/01/18 v1.5 graphics configuration of teTeX/TeXLive
)
Package graphics Info: Driver file: pdftex.def on input line 90.

(/usr/share/texmf-texlive/tex/latex/pdftex-def/pdftex.def
File: pdftex.def 2007/01/08 v0.04d Graphics/color for pdfTeX
\Gread@gobject=\count105
))
\Gin@req@height=\dimen118
\Gin@req@width=\dimen119
) (./droit_1.aux)
\openout1 = `droit_1.aux'.

LaTeX Font Info:    Checking defaults for OML/cmm/m/it on input line 23.
LaTeX Font Info:    ... okay on input line 23.
LaTeX Font Info:    Checking defaults for T1/cmr/m/n on input line 23.
LaTeX Font Info:    ... okay on input line 23.
LaTeX Font Info:    Checking defaults for OT1/cmr/m/n on input line 23.
LaTeX Font Info:    ... okay on input line 23.
LaTeX Font Info:    Checking defaults for OMS/cmsy/m/n on input line 23.
LaTeX Font Info:    ... okay on input line 23.
LaTeX Font Info:    Checking defaults for OMX/cmex/m/n on input line 23.
LaTeX Font Info:    ... okay on input line 23.
LaTeX Font Info:    Checking defaults for U/cmr/m/n on input line 23.
LaTeX Font Info:    ... okay on input line 23.
LaTeX Info: Redefining \dots on input line 23.
-------------------- Geometry parameters
paper: a4paper
landscape: --
twocolumn: --
twoside: --
asymmetric: --
h-parts: 85.35826pt, 426.79135pt, 85.35826pt
v-parts: 71.13188pt, 702.78308pt, 71.13188pt
hmarginratio: --
vmarginratio: --
lines: --
heightrounded: --
bindingoffset: 0.0pt
truedimen: --
includehead: --
includefoot: --
includemp: --
driver: pdftex
-------------------- Page layout dimensions and switches
\paperwidth  597.50787pt
\paperheight 845.04684pt
\textwidth  426.79135pt
\textheight 702.78308pt
\oddsidemargin  13.08827pt
\evensidemargin 13.08827pt
\topmargin  -38.1381pt
\headheight 12.0pt
\headsep    25.0pt
\footskip   30.0pt
\marginparwidth 35.0pt
\marginparsep   10.0pt
\columnsep  10.0pt
\skip\footins  10.8pt plus 4.0pt minus 2.0pt
\hoffset 0.0pt
\voffset 0.0pt
\mag 1000

(1in=72.27pt, 1cm=28.45pt)
-----------------------
LaTeX Font Info:    Try loading font information for U+msa on input line 25.

(/usr/share/texmf-texlive/tex/latex/amsfonts/umsa.fd
File: umsa.fd 2002/01/19 v2.2g AMS font definitions
)
LaTeX Font Info:    Try loading font information for U+msb on input line 25.

(/usr/share/texmf-texlive/tex/latex/amsfonts/umsb.fd
File: umsb.fd 2002/01/19 v2.2g AMS font definitions
)

LaTeX Warning: No \author given.

(./droit_1.toc)
\tf@toc=\write3
\openout3 = `droit_1.toc'.

 [1

{/var/lib/texmf/fonts/map/pdftex/updmap/pdftex.map}] [2]
[3] [4] [5] (./droit_1.aux) ) 
Here is how much of TeX's memory you used:
 2803 strings out of 95059
 32895 string characters out of 1182381
 91311 words of memory out of 1500000
 5952 multiletter control sequences out of 10000+50000
 17094 words of font info for 52 fonts, out of 1200000 for 2000
 28 hyphenation exceptions out of 8191
 27i,6n,43p,223b,211s stack positions out of 5000i,500n,6000p,200000b,5000s
 </home/leroi/.texmf-var/fonts/pk/ljfour/jknappen/
ec/ecti1200.600pk> </home/leroi/.texmf-var/fonts/pk/ljfour/jknappen/ec/ecbx1440
.600pk> </home/leroi/.texmf-var/fonts/pk/ljfour/jknappen/ec/ecrm1200.600pk> </h
ome/leroi/.texmf-var/fonts/pk/ljfour/jknappen/ec/ecbx1200.600pk> </home/leroi/.
texmf-var/fonts/pk/ljfour/jknappen/ec/ecbx1728.600pk> </home/leroi/.texmf-var/f
onts/pk/ljfour/jknappen/ec/ecrm1440.600pk> </home/leroi/.texmf-var/fonts/pk/ljf
our/jknappen/ec/ecrm2074.600pk></usr/share/texmf-texlive/fonts/type1/public/eur
osym/feymr10.pfb>
Output written on droit_1.pdf (5 pages, 77343 bytes).
PDF statistics:
 216 PDF objects out of 1000 (max. 8388607)
 0 named destinations out of 1000 (max. 131072)
 1 words of extra memory for PDF output out of 10000 (max. 10000000)

